c:\users\aaron\documents\visual studio 2013\projects\posture\posture\debug\vc120.pdb
c:\users\aaron\documents\visual studio 2013\projects\posture\posture\debug\terrain.obj
c:\users\aaron\documents\visual studio 2013\projects\posture\posture\debug\skybox.obj
c:\users\aaron\documents\visual studio 2013\projects\posture\posture\debug\log.obj
c:\users\aaron\documents\visual studio 2013\projects\posture\posture\debug\image.obj
c:\users\aaron\documents\visual studio 2013\projects\posture\posture\debug\cbmploader.obj
c:\users\aaron\documents\visual studio 2013\projects\posture\posture\debug\card.obj
c:\users\aaron\documents\visual studio 2013\projects\posture\posture\debug\camera.obj
c:\users\aaron\documents\visual studio 2013\projects\posture\posture\debug\displaywindow.obj
c:\users\aaron\documents\visual studio 2013\projects\posture\posture\debug\displaywidget.obj
c:\users\aaron\documents\visual studio 2013\projects\posture\posture\debug\commentwindow.obj
c:\users\aaron\documents\visual studio 2013\projects\posture\posture\debug\choosetagwindow.obj
c:\users\aaron\documents\visual studio 2013\projects\posture\posture\debug\tree.obj
c:\users\aaron\documents\visual studio 2013\projects\posture\posture\debug\timer.obj
c:\users\aaron\documents\visual studio 2013\projects\posture\posture\debug\openglview.obj
c:\users\aaron\documents\visual studio 2013\projects\posture\posture\debug\handsmodel.obj
c:\users\aaron\documents\visual studio 2013\projects\posture\posture\debug\handscontroller.obj
c:\users\aaron\documents\visual studio 2013\projects\posture\posture\debug\framecontroller.obj
c:\users\aaron\documents\visual studio 2013\projects\posture\posture\debug\capturemanager.obj
c:\users\aaron\documents\visual studio 2013\projects\posture\posture\debug\moc_welcomewindow.obj
c:\users\aaron\documents\visual studio 2013\projects\posture\posture\debug\moc_uploadwindow.obj
c:\users\aaron\documents\visual studio 2013\projects\posture\posture\debug\moc_uploadwidget.obj
c:\users\aaron\documents\visual studio 2013\projects\posture\posture\debug\moc_uploadmodewindow.obj
c:\users\aaron\documents\visual studio 2013\projects\posture\posture\debug\moc_uploadinfowindow.obj
c:\users\aaron\documents\visual studio 2013\projects\posture\posture\debug\moc_searchwindow.obj
c:\users\aaron\documents\visual studio 2013\projects\posture\posture\debug\moc_profilewindow.obj
c:\users\aaron\documents\visual studio 2013\projects\posture\posture\debug\moc_profilemodewindow.obj
c:\users\aaron\documents\visual studio 2013\projects\posture\posture\debug\moc_profileeditwindow.obj
c:\users\aaron\documents\visual studio 2013\projects\posture\posture\debug\moc_posturewindow.obj
c:\users\aaron\documents\visual studio 2013\projects\posture\posture\debug\moc_posturelistwindow.obj
c:\users\aaron\documents\visual studio 2013\projects\posture\posture\debug\moc_logwindow.obj
c:\users\aaron\documents\visual studio 2013\projects\posture\posture\debug\moc_friendswindow.obj
c:\users\aaron\documents\visual studio 2013\projects\posture\posture\debug\moc_displaywindow.obj
c:\users\aaron\documents\visual studio 2013\projects\posture\posture\debug\moc_commentwindow.obj
c:\users\aaron\documents\visual studio 2013\projects\posture\posture\debug\moc_choosetagwindow.obj
c:\users\aaron\documents\visual studio 2013\projects\posture\posture\debug\friendswindow.obj
c:\users\aaron\documents\visual studio 2013\projects\posture\posture\debug\vector3.obj
c:\users\aaron\documents\visual studio 2013\projects\posture\posture\debug\uploadwindow.obj
c:\users\aaron\documents\visual studio 2013\projects\posture\posture\debug\uploadwidget.obj
c:\users\aaron\documents\visual studio 2013\projects\posture\posture\debug\uploadmodewindow.obj
c:\users\aaron\documents\visual studio 2013\projects\posture\posture\debug\uploadinfowindow.obj
c:\users\aaron\documents\visual studio 2013\projects\posture\posture\debug\searchwindow.obj
c:\users\aaron\documents\visual studio 2013\projects\posture\posture\debug\profilewindow.obj
c:\users\aaron\documents\visual studio 2013\projects\posture\posture\debug\profilemodewindow.obj
c:\users\aaron\documents\visual studio 2013\projects\posture\posture\debug\profileeditwindow.obj
c:\users\aaron\documents\visual studio 2013\projects\posture\posture\debug\posturewindow.obj
c:\users\aaron\documents\visual studio 2013\projects\posture\posture\debug\posturelistwindow.obj
c:\users\aaron\documents\visual studio 2013\projects\posture\posture\debug\usermanager.obj
c:\users\aaron\documents\visual studio 2013\projects\posture\posture\debug\transmitionmanager.obj
c:\users\aaron\documents\visual studio 2013\projects\posture\posture\debug\sourcemanager.obj
c:\users\aaron\documents\visual studio 2013\projects\posture\posture\debug\pagemanager.obj
c:\users\aaron\documents\visual studio 2013\projects\posture\posture\debug\json_writer.obj
c:\users\aaron\documents\visual studio 2013\projects\posture\posture\debug\json_value.obj
c:\users\aaron\documents\visual studio 2013\projects\posture\posture\debug\json_reader.obj
c:\users\aaron\documents\visual studio 2013\projects\posture\posture\debug\logwindow.obj
c:\users\aaron\documents\visual studio 2013\projects\posture\posture\debug\welcomewindow.obj
c:\users\aaron\documents\visual studio 2013\projects\posture\posture\debug\posture.obj
c:\users\aaron\documents\visual studio 2013\projects\posture\posture\debug\main.obj
c:\users\aaron\documents\visual studio 2013\projects\posture\posture\debug\moc_posture.obj
c:\users\aaron\documents\visual studio 2013\projects\posture\posture\debug\ms3d.obj
c:\users\aaron\documents\visual studio 2013\projects\posture\posture\debug\qrc_posture.obj
c:\users\aaron\documents\visual studio 2013\projects\posture\posture\debug\cameradisplay.obj
c:\users\aaron\documents\visual studio 2013\projects\posture\posture\generatedfiles\debug\moc_posture.cpp
c:\users\aaron\documents\visual studio 2013\projects\posture\posture\generatedfiles\ui_posture.h
c:\users\aaron\documents\visual studio 2013\projects\posture\posture\generatedfiles\debug\moc_choosetagwindow.cpp
c:\users\aaron\documents\visual studio 2013\projects\posture\posture\generatedfiles\debug\moc_uploadwindow.cpp
c:\users\aaron\documents\visual studio 2013\projects\posture\posture\generatedfiles\debug\moc_welcomewindow.cpp
c:\users\aaron\documents\visual studio 2013\projects\posture\posture\generatedfiles\debug\moc_uploadwidget.cpp
c:\users\aaron\documents\visual studio 2013\projects\posture\posture\generatedfiles\debug\moc_uploadmodewindow.cpp
c:\users\aaron\documents\visual studio 2013\projects\posture\posture\generatedfiles\debug\moc_uploadinfowindow.cpp
c:\users\aaron\documents\visual studio 2013\projects\posture\posture\generatedfiles\debug\moc_searchwindow.cpp
c:\users\aaron\documents\visual studio 2013\projects\posture\posture\generatedfiles\debug\moc_profilewindow.cpp
c:\users\aaron\documents\visual studio 2013\projects\posture\posture\generatedfiles\debug\moc_profilemodewindow.cpp
c:\users\aaron\documents\visual studio 2013\projects\posture\posture\generatedfiles\debug\moc_profileeditwindow.cpp
c:\users\aaron\documents\visual studio 2013\projects\posture\posture\generatedfiles\debug\moc_posturewindow.cpp
c:\users\aaron\documents\visual studio 2013\projects\posture\posture\generatedfiles\debug\moc_posturelistwindow.cpp
c:\users\aaron\documents\visual studio 2013\projects\posture\posture\generatedfiles\debug\moc_logwindow.cpp
c:\users\aaron\documents\visual studio 2013\projects\posture\posture\generatedfiles\debug\moc_friendswindow.cpp
c:\users\aaron\documents\visual studio 2013\projects\posture\posture\generatedfiles\debug\moc_displaywindow.cpp
c:\users\aaron\documents\visual studio 2013\projects\posture\posture\generatedfiles\debug\moc_commentwindow.cpp
c:\users\aaron\documents\visual studio 2013\projects\posture\posture\generatedfiles\qrc_posture.cpp
c:\users\aaron\documents\visual studio 2013\projects\posture\win32\debug\posture.pdb
c:\users\aaron\documents\visual studio 2013\projects\posture\posture\debug\posture.tlog\cl.command.1.tlog
c:\users\aaron\documents\visual studio 2013\projects\posture\posture\debug\posture.tlog\cl.read.1.tlog
c:\users\aaron\documents\visual studio 2013\projects\posture\posture\debug\posture.tlog\cl.write.1.tlog
c:\users\aaron\documents\visual studio 2013\projects\posture\posture\debug\posture.tlog\custombuild.command.1.tlog
c:\users\aaron\documents\visual studio 2013\projects\posture\posture\debug\posture.tlog\custombuild.read.1.tlog
c:\users\aaron\documents\visual studio 2013\projects\posture\posture\debug\posture.tlog\custombuild.write.1.tlog
c:\users\aaron\documents\visual studio 2013\projects\posture\posture\debug\posture.tlog\link-cvtres.read.1.tlog
c:\users\aaron\documents\visual studio 2013\projects\posture\posture\debug\posture.tlog\link-cvtres.write.1.tlog
c:\users\aaron\documents\visual studio 2013\projects\posture\posture\debug\posture.tlog\link-rc.read.1.tlog
c:\users\aaron\documents\visual studio 2013\projects\posture\posture\debug\posture.tlog\link-rc.write.1.tlog
c:\users\aaron\documents\visual studio 2013\projects\posture\posture\debug\posture.tlog\link.command.1.tlog
c:\users\aaron\documents\visual studio 2013\projects\posture\posture\debug\posture.tlog\link.read.1.tlog
c:\users\aaron\documents\visual studio 2013\projects\posture\posture\debug\posture.tlog\link.write.1.tlog
