c:\users\aaron\documents\visual studio 2013\projects\posture\posture\release\terrain.obj
c:\users\aaron\documents\visual studio 2013\projects\posture\posture\release\skybox.obj
c:\users\aaron\documents\visual studio 2013\projects\posture\posture\release\ms3d.obj
c:\users\aaron\documents\visual studio 2013\projects\posture\posture\release\log.obj
c:\users\aaron\documents\visual studio 2013\projects\posture\posture\release\image.obj
c:\users\aaron\documents\visual studio 2013\projects\posture\posture\release\cbmploader.obj
c:\users\aaron\documents\visual studio 2013\projects\posture\posture\release\card.obj
c:\users\aaron\documents\visual studio 2013\projects\posture\posture\release\cameradisplay.obj
c:\users\aaron\documents\visual studio 2013\projects\posture\posture\release\displaywindow.obj
c:\users\aaron\documents\visual studio 2013\projects\posture\posture\release\displaywidget.obj
c:\users\aaron\documents\visual studio 2013\projects\posture\posture\release\commentwindow.obj
c:\users\aaron\documents\visual studio 2013\projects\posture\posture\release\choosetagwindow.obj
c:\users\aaron\documents\visual studio 2013\projects\posture\posture\release\tree.obj
c:\users\aaron\documents\visual studio 2013\projects\posture\posture\release\timer.obj
c:\users\aaron\documents\visual studio 2013\projects\posture\posture\release\openglview.obj
c:\users\aaron\documents\visual studio 2013\projects\posture\posture\release\handsmodel.obj
c:\users\aaron\documents\visual studio 2013\projects\posture\posture\release\handscontroller.obj
c:\users\aaron\documents\visual studio 2013\projects\posture\posture\release\framecontroller.obj
c:\users\aaron\documents\visual studio 2013\projects\posture\posture\release\capturemanager.obj
c:\users\aaron\documents\visual studio 2013\projects\posture\posture\release\camera.obj
c:\users\aaron\documents\visual studio 2013\projects\posture\posture\release\json_reader.obj
c:\users\aaron\documents\visual studio 2013\projects\posture\posture\release\main.obj
c:\users\aaron\documents\visual studio 2013\projects\posture\posture\release\logwindow.obj
c:\users\aaron\documents\visual studio 2013\projects\posture\posture\release\moc_welcomewindow.obj
c:\users\aaron\documents\visual studio 2013\projects\posture\posture\release\moc_uploadwidget.obj
c:\users\aaron\documents\visual studio 2013\projects\posture\posture\release\moc_uploadmodewindow.obj
c:\users\aaron\documents\visual studio 2013\projects\posture\posture\release\moc_uploadinfowindow.obj
c:\users\aaron\documents\visual studio 2013\projects\posture\posture\release\moc_searchwindow.obj
c:\users\aaron\documents\visual studio 2013\projects\posture\posture\release\moc_profilewindow.obj
c:\users\aaron\documents\visual studio 2013\projects\posture\posture\release\moc_profilemodewindow.obj
c:\users\aaron\documents\visual studio 2013\projects\posture\posture\release\moc_profileeditwindow.obj
c:\users\aaron\documents\visual studio 2013\projects\posture\posture\release\moc_posturewindow.obj
c:\users\aaron\documents\visual studio 2013\projects\posture\posture\release\moc_posturelistwindow.obj
c:\users\aaron\documents\visual studio 2013\projects\posture\posture\release\moc_posture.obj
c:\users\aaron\documents\visual studio 2013\projects\posture\posture\release\moc_logwindow.obj
c:\users\aaron\documents\visual studio 2013\projects\posture\posture\release\moc_friendswindow.obj
c:\users\aaron\documents\visual studio 2013\projects\posture\posture\release\moc_displaywindow.obj
c:\users\aaron\documents\visual studio 2013\projects\posture\posture\release\moc_commentwindow.obj
c:\users\aaron\documents\visual studio 2013\projects\posture\posture\release\friendswindow.obj
c:\users\aaron\documents\visual studio 2013\projects\posture\posture\release\vector3.obj
c:\users\aaron\documents\visual studio 2013\projects\posture\posture\release\welcomewindow.obj
c:\users\aaron\documents\visual studio 2013\projects\posture\posture\release\uploadwindow.obj
c:\users\aaron\documents\visual studio 2013\projects\posture\posture\release\uploadwidget.obj
c:\users\aaron\documents\visual studio 2013\projects\posture\posture\release\uploadmodewindow.obj
c:\users\aaron\documents\visual studio 2013\projects\posture\posture\release\uploadinfowindow.obj
c:\users\aaron\documents\visual studio 2013\projects\posture\posture\release\searchwindow.obj
c:\users\aaron\documents\visual studio 2013\projects\posture\posture\release\profilewindow.obj
c:\users\aaron\documents\visual studio 2013\projects\posture\posture\release\profilemodewindow.obj
c:\users\aaron\documents\visual studio 2013\projects\posture\posture\release\profileeditwindow.obj
c:\users\aaron\documents\visual studio 2013\projects\posture\posture\release\posturewindow.obj
c:\users\aaron\documents\visual studio 2013\projects\posture\posture\release\posturelistwindow.obj
c:\users\aaron\documents\visual studio 2013\projects\posture\posture\release\posture.obj
c:\users\aaron\documents\visual studio 2013\projects\posture\posture\release\usermanager.obj
c:\users\aaron\documents\visual studio 2013\projects\posture\posture\release\transmitionmanager.obj
c:\users\aaron\documents\visual studio 2013\projects\posture\posture\release\sourcemanager.obj
c:\users\aaron\documents\visual studio 2013\projects\posture\posture\release\pagemanager.obj
c:\users\aaron\documents\visual studio 2013\projects\posture\posture\release\json_writer.obj
c:\users\aaron\documents\visual studio 2013\projects\posture\posture\release\json_value.obj
c:\users\aaron\documents\visual studio 2013\projects\posture\posture\release\moc_uploadwindow.obj
c:\users\aaron\documents\visual studio 2013\projects\posture\posture\release\moc_choosetagwindow.obj
c:\users\aaron\documents\visual studio 2013\projects\posture\posture\release\qrc_posture.obj
c:\users\aaron\documents\visual studio 2013\projects\posture\posture\generatedfiles\release\moc_posture.cpp
c:\users\aaron\documents\visual studio 2013\projects\posture\posture\generatedfiles\ui_posture.h
c:\users\aaron\documents\visual studio 2013\projects\posture\posture\generatedfiles\release\moc_choosetagwindow.cpp
c:\users\aaron\documents\visual studio 2013\projects\posture\posture\generatedfiles\release\moc_searchwindow.cpp
c:\users\aaron\documents\visual studio 2013\projects\posture\posture\generatedfiles\release\moc_profilewindow.cpp
c:\users\aaron\documents\visual studio 2013\projects\posture\posture\generatedfiles\release\moc_profilemodewindow.cpp
c:\users\aaron\documents\visual studio 2013\projects\posture\posture\generatedfiles\release\moc_profileeditwindow.cpp
c:\users\aaron\documents\visual studio 2013\projects\posture\posture\generatedfiles\release\moc_posturelistwindow.cpp
c:\users\aaron\documents\visual studio 2013\projects\posture\posture\generatedfiles\release\moc_logwindow.cpp
c:\users\aaron\documents\visual studio 2013\projects\posture\posture\generatedfiles\release\moc_displaywindow.cpp
c:\users\aaron\documents\visual studio 2013\projects\posture\posture\generatedfiles\qrc_posture.cpp
c:\users\aaron\documents\visual studio 2013\projects\posture\posture\generatedfiles\release\moc_welcomewindow.cpp
c:\users\aaron\documents\visual studio 2013\projects\posture\posture\generatedfiles\release\moc_uploadmodewindow.cpp
c:\users\aaron\documents\visual studio 2013\projects\posture\posture\generatedfiles\release\moc_commentwindow.cpp
c:\users\aaron\documents\visual studio 2013\projects\posture\posture\generatedfiles\release\moc_uploadwindow.cpp
c:\users\aaron\documents\visual studio 2013\projects\posture\posture\generatedfiles\release\moc_uploadwidget.cpp
c:\users\aaron\documents\visual studio 2013\projects\posture\posture\generatedfiles\release\moc_uploadinfowindow.cpp
c:\users\aaron\documents\visual studio 2013\projects\posture\posture\generatedfiles\release\moc_posturewindow.cpp
c:\users\aaron\documents\visual studio 2013\projects\posture\posture\generatedfiles\release\moc_friendswindow.cpp
c:\users\aaron\documents\visual studio 2013\projects\posture\win32\release\posture.exe
c:\users\aaron\documents\visual studio 2013\projects\posture\posture\release\posture.tlog\cl.command.1.tlog
c:\users\aaron\documents\visual studio 2013\projects\posture\posture\release\posture.tlog\cl.read.1.tlog
c:\users\aaron\documents\visual studio 2013\projects\posture\posture\release\posture.tlog\cl.write.1.tlog
c:\users\aaron\documents\visual studio 2013\projects\posture\posture\release\posture.tlog\custombuild.command.1.tlog
c:\users\aaron\documents\visual studio 2013\projects\posture\posture\release\posture.tlog\custombuild.read.1.tlog
c:\users\aaron\documents\visual studio 2013\projects\posture\posture\release\posture.tlog\custombuild.write.1.tlog
c:\users\aaron\documents\visual studio 2013\projects\posture\posture\release\posture.tlog\link.command.1.tlog
c:\users\aaron\documents\visual studio 2013\projects\posture\posture\release\posture.tlog\link.read.1.tlog
c:\users\aaron\documents\visual studio 2013\projects\posture\posture\release\posture.tlog\link.write.1.tlog
